[14:09:53] [main/INFO]: Setting user: ForgeDevName
[14:09:55] [Client thread/INFO]: LWJGL Version: 2.9.1
[14:10:04] [Client thread/INFO]: Reloading ResourceManager: Default, FMLFileResourcePack:Forge Mod Loader, FMLFileResourcePack:Minecraft Forge, FMLFileResourcePack:Minecraft Mod
[14:10:05] [Sound Library Loader/INFO]: Sound engine started
[14:10:05] [Client thread/INFO]: Created: 512x256 textures/blocks-atlas
[14:10:05] [Client thread/INFO]: Created: 256x256 textures/items-atlas
[14:10:06] [Client thread/INFO]: Reloading ResourceManager: Default, FMLFileResourcePack:Forge Mod Loader, FMLFileResourcePack:Minecraft Forge, FMLFileResourcePack:Minecraft Mod
[14:10:06] [Client thread/INFO]: Created: 256x256 textures/items-atlas
[14:10:06] [Client thread/INFO]: Created: 512x256 textures/blocks-atlas
[14:10:07] [Sound Library Loader/INFO]: Sound engine started
[14:10:12] [Client thread/WARN]: Unable to play unknown soundEvent: minecraft:music.menu
[14:10:13] [Client thread/WARN]: Unable to play unknown soundEvent: minecraft:gui.button.press
[14:10:36] [Client thread/WARN]: Unable to play unknown soundEvent: minecraft:music.menu
[14:10:40] [Client thread/WARN]: Unable to play unknown soundEvent: minecraft:music.menu
[14:11:06] [Client thread/WARN]: Unable to play unknown soundEvent: minecraft:music.menu
[14:11:11] [Client thread/WARN]: Unable to play unknown soundEvent: minecraft:music.menu
[14:11:12] [Client thread/WARN]: Unable to play unknown soundEvent: minecraft:music.menu
[14:11:21] [Client thread/WARN]: Unable to play unknown soundEvent: minecraft:music.menu
[14:11:24] [Client thread/WARN]: Unable to play unknown soundEvent: minecraft:music.menu
[14:11:42] [Client thread/WARN]: Unable to play unknown soundEvent: minecraft:music.menu
[14:12:07] [Client thread/WARN]: Unable to play unknown soundEvent: minecraft:music.menu
[14:12:33] [Client thread/WARN]: Unable to play unknown soundEvent: minecraft:music.menu
[14:12:52] [Client thread/WARN]: Unable to play unknown soundEvent: minecraft:music.menu
[14:13:21] [Client thread/WARN]: Unable to play unknown soundEvent: minecraft:music.menu
[14:13:47] [Client thread/WARN]: Unable to play unknown soundEvent: minecraft:music.menu
[14:13:58] [Client thread/WARN]: Unable to play unknown soundEvent: minecraft:gui.button.press
[14:13:58] [Client thread/WARN]: Unable to play unknown soundEvent: minecraft:gui.button.press
[14:13:58] [Client thread/INFO]: Stopping!
